TN:
SF:C:\DEV\PrimeChecker_14\tests\PrimeCheckerTest.cpp
FN:6,_Z18testNegativeNumberv
FNDA:2,_Z18testNegativeNumberv
FN:10,_Z8testZerov
FNDA:2,_Z8testZerov
FN:12,_Z15testPrimeNumberv
FNDA:2,_Z15testPrimeNumberv
FN:14,_Z22testBoundaryNumber1000v
FNDA:2,_Z22testBoundaryNumber1000v
FN:18,_Z20testOutOfRangeNumberv
FNDA:2,_Z20testOutOfRangeNumberv
FN:22,_Z18testNonPrimeNumberv
FNDA:2,_Z18testNonPrimeNumberv
FN:24,_Z19testNonNumericInputv
FNDA:2,_Z19testNonNumericInputv
FN:28,_Z14testBlankInputv
FNDA:2,_Z14testBlankInputv
FN:32,main
FNDA:2,main
DA:6,2
DA:7,4
DA:8,2
DA:10,6
DA:12,6
DA:14,2
DA:15,4
DA:16,2
DA:18,2
DA:19,4
DA:20,2
DA:22,6
DA:24,2
DA:25,4
DA:26,2
DA:28,2
DA:29,4
DA:30,2
DA:32,2
DA:33,2
DA:34,2
DA:35,2
DA:36,2
DA:37,2
DA:38,2
DA:39,2
DA:40,2
DA:42,2
DA:43,2
end_of_record
SF:C:\mingw64\include\c++\15.2.0\bits\stl_iterator_base_funcs.h
DA:108,32
DA:153,64
DA:154,64
end_of_record
SF:C:\mingw64\include\c++\15.2.0\bits\stl_algobase.h
FN:234,_ZSt3minIyERKT_S2_S2_
FNDA:56,_ZSt3minIyERKT_S2_S2_
DA:234,56
DA:239,56
DA:240,0
DA:241,56
end_of_record
SF:C:\mingw64\include\c++\15.2.0\bits\basic_string.h
FN:140,_ZNSt7__cxx1112basic_stringIcSt11char_traitsIcESaIcEE11_S_allocateERS3_y
FNDA:8,_ZNSt7__cxx1112basic_stringIcSt11char_traitsIcESaIcEE11_S_allocateERS3_y
FN:204,_ZNSt7__cxx1112basic_stringIcSt11char_traitsIcESaIcEE12_Alloc_hiderC1EPcRKS3_
FNDA:32,_ZNSt7__cxx1112basic_stringIcSt11char_traitsIcESaIcEE12_Alloc_hiderC1EPcRKS3_
FN:228,_ZNSt7__cxx1112basic_stringIcSt11char_traitsIcESaIcEE7_M_dataEPc
FNDA:8,_ZNSt7__cxx1112basic_stringIcSt11char_traitsIcESaIcEE7_M_dataEPc
FN:233,_ZNSt7__cxx1112basic_stringIcSt11char_traitsIcESaIcEE9_M_lengthEy
FNDA:32,_ZNSt7__cxx1112basic_stringIcSt11char_traitsIcESaIcEE9_M_lengthEy
FN:238,_ZNKSt7__cxx1112basic_stringIcSt11char_traitsIcESaIcEE7_M_dataEv
FNDA:144,_ZNKSt7__cxx1112basic_stringIcSt11char_traitsIcESaIcEE7_M_dataEv
FN:243,_ZNSt7__cxx1112basic_stringIcSt11char_traitsIcESaIcEE13_M_local_dataEv
FNDA:32,_ZNSt7__cxx1112basic_stringIcSt11char_traitsIcESaIcEE13_M_local_dataEv
FN:254,_ZNKSt7__cxx1112basic_stringIcSt11char_traitsIcESaIcEE13_M_local_dataEv
FNDA:32,_ZNKSt7__cxx1112basic_stringIcSt11char_traitsIcESaIcEE13_M_local_dataEv
FN:265,_ZNSt7__cxx1112basic_stringIcSt11char_traitsIcESaIcEE11_M_capacityEy
FNDA:8,_ZNSt7__cxx1112basic_stringIcSt11char_traitsIcESaIcEE11_M_capacityEy
FN:270,_ZNSt7__cxx1112basic_stringIcSt11char_traitsIcESaIcEE13_M_set_lengthEy
FNDA:32,_ZNSt7__cxx1112basic_stringIcSt11char_traitsIcESaIcEE13_M_set_lengthEy
FN:278,_ZNKSt7__cxx1112basic_stringIcSt11char_traitsIcESaIcEE11_M_is_localEv
FNDA:32,_ZNKSt7__cxx1112basic_stringIcSt11char_traitsIcESaIcEE11_M_is_localEv
FN:296,_ZNSt7__cxx1112basic_stringIcSt11char_traitsIcESaIcEE10_M_disposeEv
FNDA:32,_ZNSt7__cxx1112basic_stringIcSt11char_traitsIcESaIcEE10_M_disposeEv
FN:304,_ZNSt7__cxx1112basic_stringIcSt11char_traitsIcESaIcEE10_M_destroyEy
FNDA:8,_ZNSt7__cxx1112basic_stringIcSt11char_traitsIcESaIcEE10_M_destroyEy
FN:359,_ZNSt7__cxx1112basic_stringIcSt11char_traitsIcESaIcEE16_M_get_allocatorEv
FNDA:16,_ZNSt7__cxx1112basic_stringIcSt11char_traitsIcESaIcEE16_M_get_allocatorEv
FN:364,_ZNKSt7__cxx1112basic_stringIcSt11char_traitsIcESaIcEE16_M_get_allocatorEv
FNDA:56,_ZNKSt7__cxx1112basic_stringIcSt11char_traitsIcESaIcEE16_M_get_allocatorEv
FN:448,_ZNSt7__cxx1112basic_stringIcSt11char_traitsIcESaIcEE7_S_copyEPcPKcy
FNDA:32,_ZNSt7__cxx1112basic_stringIcSt11char_traitsIcESaIcEE7_S_copyEPcPKcy
FN:483,_ZNSt7__cxx1112basic_stringIcSt11char_traitsIcESaIcEE13_S_copy_charsIPKcEEvPcT_S9_
FNDA:32,_ZNSt7__cxx1112basic_stringIcSt11char_traitsIcESaIcEE13_S_copy_charsIPKcEEvPcT_S9_
FN:706,_ZNSt7__cxx1112basic_stringIcSt11char_traitsIcESaIcEEC1IS3_EEPKcRKS3_
FNDA:32,_ZNSt7__cxx1112basic_stringIcSt11char_traitsIcESaIcEEC1IS3_EEPKcRKS3_
FN:895,_ZNSt7__cxx1112basic_stringIcSt11char_traitsIcESaIcEED1Ev
FNDA:32,_ZNSt7__cxx1112basic_stringIcSt11char_traitsIcESaIcEED1Ev
FN:1163,_ZNKSt7__cxx1112basic_stringIcSt11char_traitsIcESaIcEE4sizeEv
FNDA:48,_ZNKSt7__cxx1112basic_stringIcSt11char_traitsIcESaIcEE4sizeEv
FN:1181,_ZNKSt7__cxx1112basic_stringIcSt11char_traitsIcESaIcEE8max_sizeEv
FNDA:56,_ZNKSt7__cxx1112basic_stringIcSt11char_traitsIcESaIcEE8max_sizeEv
FN:2886,_ZNKSt7__cxx1112basic_stringIcSt11char_traitsIcESaIcEE4dataEv
FNDA:16,_ZNKSt7__cxx1112basic_stringIcSt11char_traitsIcESaIcEE4dataEv
FN:4062,_ZSteqIcSt11char_traitsIcESaIcEEbRKNSt7__cxx1112basic_stringIT_T0_T1_EEPKS5_
FNDA:16,_ZSteqIcSt11char_traitsIcESaIcEEbRKNSt7__cxx1112basic_stringIT_T0_T1_EEPKS5_
DA:140,8
DA:142,8
DA:152,8
DA:204,32
DA:205,32
DA:228,8
DA:229,8
DA:233,32
DA:234,32
DA:238,144
DA:239,144
DA:243,32
DA:246,32
DA:254,32
DA:257,32
DA:265,8
DA:266,8
DA:270,32
DA:272,32
DA:273,32
DA:274,32
DA:278,32
DA:280,32
DA:282,24
DA:283,0
DA:284,24
DA:286,8
DA:296,32
DA:298,32
DA:299,8
DA:300,32
DA:304,8
DA:305,8
DA:359,16
DA:360,16
DA:364,56
DA:365,56
DA:378,24
DA:448,32
DA:450,32
DA:451,8
DA:453,24
DA:454,32
DA:483,32
DA:489,64
DA:506,32
DA:706,32
DA:707,32
DA:710,32
DA:711,0
DA:713,32
DA:714,32
DA:715,32
DA:895,32
DA:896,32
DA:1163,48
DA:1165,48
DA:1166,48
DA:1167,0
DA:1168,48
DA:1181,56
DA:1183,56
DA:1185,56
DA:1186,56
DA:2886,16
DA:2887,16
DA:4062,16
DA:4065,16
DA:4066,16
end_of_record
SF:C:\mingw64\include\c++\15.2.0\bits\stl_iterator_base_types.h
DA:242,32
end_of_record
SF:C:\mingw64\include\c++\15.2.0\bits\ptr_traits.h
FN:134,_ZNSt19__ptr_traits_ptr_toIPKcS0_Lb0EE10pointer_toERS0_
FNDA:32,_ZNSt19__ptr_traits_ptr_toIPKcS0_Lb0EE10pointer_toERS0_
FN:134,_ZNSt19__ptr_traits_ptr_toIPccLb0EE10pointer_toERc
FNDA:32,_ZNSt19__ptr_traits_ptr_toIPccLb0EE10pointer_toERc
DA:134,32
DA:135,32
DA:134,32
DA:135,32
end_of_record
SF:C:\mingw64\include\c++\15.2.0\bits\new_allocator.h
FN:104,_ZNSt15__new_allocatorIcED2Ev
FNDA:64,_ZNSt15__new_allocatorIcED2Ev
FN:126,_ZNSt15__new_allocatorIcE8allocateEyPKv
FNDA:8,_ZNSt15__new_allocatorIcE8allocateEyPKv
FN:156,_ZNSt15__new_allocatorIcE10deallocateEPcy
FNDA:8,_ZNSt15__new_allocatorIcE10deallocateEPcy
DA:88,16
DA:92,32
DA:104,64
DA:126,8
DA:134,8
DA:140,0
DA:151,8
DA:156,8
DA:172,8
DA:183,56
DA:233,64
end_of_record
SF:C:\mingw64\include\c++\15.2.0\bits\stl_iterator.h
DA:3011,32
end_of_record
SF:C:\mingw64\include\c++\15.2.0\bits\char_traits.h
FN:138,_ZN9__gnu_cxx11char_traitsIcE2eqERKcS3_
FNDA:0,_ZN9__gnu_cxx11char_traitsIcE2eqERKcS3_
FN:201,_ZN9__gnu_cxx11char_traitsIcE6lengthEPKc
FNDA:0,_ZN9__gnu_cxx11char_traitsIcE6lengthEPKc
FN:345,_ZNSt11char_traitsIcE6assignERcRKc
FNDA:40,_ZNSt11char_traitsIcE6assignERcRKc
FN:360,_ZNSt11char_traitsIcE2ltERKcS2_
FNDA:0,_ZNSt11char_traitsIcE2ltERKcS2_
FN:368,_ZNSt11char_traitsIcE7compareEPKcS2_y
FNDA:16,_ZNSt11char_traitsIcE7compareEPKcS2_y
FN:387,_ZNSt11char_traitsIcE6lengthEPKc
FNDA:48,_ZNSt11char_traitsIcE6lengthEPKc
FN:421,_ZNSt11char_traitsIcE4copyEPcPKcy
FNDA:24,_ZNSt11char_traitsIcE4copyEPcPKcy
DA:138,0
DA:139,0
DA:201,0
DA:204,0
DA:205,0
DA:206,0
DA:207,0
DA:345,40
DA:352,40
DA:353,40
DA:360,0
DA:363,0
DA:364,0
DA:368,16
DA:370,16
DA:371,0
DA:373,16
DA:375,0
DA:376,0
DA:377,0
DA:378,0
DA:379,0
DA:380,0
DA:383,16
DA:387,48
DA:390,48
DA:391,0
DA:393,48
DA:421,24
DA:423,24
DA:424,0
DA:429,24
end_of_record
SF:C:\mingw64\include\c++\15.2.0\bits\move.h
DA:53,64
DA:177,64
end_of_record
SF:C:\mingw64\include\c++\15.2.0\x86_64-w64-mingw32\bits\c++config.h
DA:589,64
end_of_record
SF:C:\mingw64\include\c++\15.2.0\bits\allocator.h
DA:168,16
DA:173,32
DA:189,16
end_of_record
SF:C:\mingw64\include\c++\15.2.0\bits\alloc_traits.h
DA:614,8
DA:649,8
DA:712,56
end_of_record
SF:C:\mingw64\include\c++\15.2.0\bits\basic_string.tcc
FN:143,_ZNSt7__cxx1112basic_stringIcSt11char_traitsIcESaIcEE9_M_createERyy
FNDA:8,_ZNSt7__cxx1112basic_stringIcSt11char_traitsIcESaIcEE9_M_createERyy
FN:227,_ZNSt7__cxx1112basic_stringIcSt11char_traitsIcESaIcEE12_M_constructIPKcEEvT_S8_St20forward_iterator_tag
FNDA:32,_ZNSt7__cxx1112basic_stringIcSt11char_traitsIcESaIcEE12_M_constructIPKcEEvT_S8_St20forward_iterator_tag
FN:245,_ZZNSt7__cxx1112basic_stringIcSt11char_traitsIcESaIcEE12_M_constructIPKcEEvT_S8_St20forward_iterator_tagEN6_GuardC1EPS4_
FNDA:32,_ZZNSt7__cxx1112basic_stringIcSt11char_traitsIcESaIcEE12_M_constructIPKcEEvT_S8_St20forward_iterator_tagEN6_GuardC1EPS4_
FN:248,_ZZNSt7__cxx1112basic_stringIcSt11char_traitsIcESaIcEE12_M_constructIPKcEEvT_S8_St20forward_iterator_tagEN6_GuardD1Ev
FNDA:32,_ZZNSt7__cxx1112basic_stringIcSt11char_traitsIcESaIcEE12_M_constructIPKcEEvT_S8_St20forward_iterator_tagEN6_GuardD1Ev
DA:143,8
DA:148,8
DA:149,0
DA:154,8
DA:156,0
DA:158,0
DA:159,0
DA:164,8
DA:227,32
DA:231,32
DA:233,32
DA:235,8
DA:236,8
DA:245,32
DA:248,32
DA:251,32
DA:253,32
DA:255,32
DA:257,32
DA:258,32
end_of_record
